# mur		muf		alpsfact	dynamical_scale	pdf		cross-section
1.0		1.0		1.0		-1		247000		0.008952414804918382
0.5		0.5		1.0		-1		247000		0.01548383492515929
0.5		0.5		1.0		1		247000		0.007088061073838033
0.5		0.5		1.0		2		247000		0.006100770958428897
0.5		0.5		1.0		3		247000		0.01006487338310808
0.5		0.5		1.0		4		247000		0.004883162055301322
0.5		1.0		1.0		-1		247000		0.0129050251202694
0.5		1.0		1.0		1		247000		0.006029871963320594
0.5		1.0		1.0		2		247000		0.005208278510498482
0.5		1.0		1.0		3		247000		0.00847969722030743
0.5		1.0		1.0		4		247000		0.0042099353012589975
0.5		2.0		1.0		-1		247000		0.01086451732375946
0.5		2.0		1.0		1		247000		0.005192350130804929
0.5		2.0		1.0		2		247000		0.004498766413437633
0.5		2.0		1.0		3		247000		0.007240328513637957
0.5		2.0		1.0		4		247000		0.003667463540466365
1.0		0.5		1.0		-1		247000		0.010741569861907725
1.0		0.5		1.0		1		247000		0.005183793675842414
1.0		0.5		1.0		2		247000		0.004500868073916483
1.0		0.5		1.0		3		247000		0.007242514942498005
1.0		0.5		1.0		4		247000		0.0036376830380152356
1.0		1.0		1.0		1		247000		0.004409334723366097
1.0		1.0		1.0		2		247000		0.00384190586698833
1.0		1.0		1.0		3		247000		0.006100770958428897
1.0		1.0		1.0		4		247000		0.0031353214793840185
1.0		2.0		1.0		-1		247000		0.007537892419449006
1.0		2.0		1.0		1		247000		0.0037964596477525333
1.0		2.0		1.0		2		247000		0.0033181261632140194
1.0		2.0		1.0		3		247000		0.005208278510498482
1.0		2.0		1.0		4		247000		0.002730655324833475
2.0		0.5		1.0		-1		247000		0.007761381941023071
2.0		0.5		1.0		1		247000		0.0038793436520737704
2.0		0.5		1.0		2		247000		0.003392928426664141
2.0		0.5		1.0		3		247000		0.005344008564133595
2.0		0.5		1.0		4		247000		0.0027654320522342317
2.0		1.0		1.0		-1		247000		0.006468810894960994
2.0		1.0		1.0		1		247000		0.0032994045701329536
2.0		1.0		1.0		2		247000		0.002895834954992562
2.0		1.0		1.0		3		247000		0.004500868073916483
2.0		1.0		1.0		4		247000		0.002382966279561155
2.0		2.0		1.0		-1		247000		0.0054472570393009085
2.0		2.0		1.0		1		247000		0.002840518159971429
2.0		2.0		1.0		2		247000		0.002500770596050565
2.0		2.0		1.0		3		247000		0.00384190586698833
2.0		2.0		1.0		4		247000		0.002074963580716323
1.0		1.0		1.0		-1		247000		0.008952414804918382
1.0		1.0		1.0		-1		247001		0.00943111348036402
1.0		1.0		1.0		-1		247002		0.009963415299793436
1.0		1.0		1.0		-1		247003		0.009026669439620952
1.0		1.0		1.0		-1		247004		0.008098023322385992
1.0		1.0		1.0		-1		247005		0.011756836630807484
1.0		1.0		1.0		-1		247006		0.00861885765006709
1.0		1.0		1.0		-1		247007		0.008141291262740968
1.0		1.0		1.0		-1		247008		0.009226669566826114
1.0		1.0		1.0		-1		247009		0.009451545733315981
1.0		1.0		1.0		-1		247010		0.010149146459220975
1.0		1.0		1.0		-1		247011		0.008169504980809886
1.0		1.0		1.0		-1		247012		0.009601134762145623
1.0		1.0		1.0		-1		247013		0.007751197446643173
1.0		1.0		1.0		-1		247014		0.010056828173931153
1.0		1.0		1.0		-1		247015		0.009061066635658081
1.0		1.0		1.0		-1		247016		0.006969779672197666
1.0		1.0		1.0		-1		247017		0.008168460619002256
1.0		1.0		1.0		-1		247018		0.009452843859838309
1.0		1.0		1.0		-1		247019		0.008643777740855571
1.0		1.0		1.0		-1		247020		0.008044097168633831
1.0		1.0		1.0		-1		247021		0.009098648900482386
1.0		1.0		1.0		-1		247022		0.00892702462322437
1.0		1.0		1.0		-1		247023		0.011999235315634666
1.0		1.0		1.0		-1		247024		0.010386179228374079
1.0		1.0		1.0		-1		247025		0.010380251158170234
1.0		1.0		1.0		-1		247026		0.008222729132277581
1.0		1.0		1.0		-1		247027		0.007425636349007141
1.0		1.0		1.0		-1		247028		0.007815181349862026
1.0		1.0		1.0		-1		247029		0.01122230993350232
1.0		1.0		1.0		-1		247030		0.01017910336316363
1.0		1.0		1.0		-1		247031		0.00894221938250673
1.0		1.0		1.0		-1		247032		0.008317225362937492
1.0		1.0		1.0		-1		247033		0.00744949533555699
1.0		1.0		1.0		-1		247034		0.009814400647205663
1.0		1.0		1.0		-1		247035		0.007411282789081755
1.0		1.0		1.0		-1		247036		0.009339976253537153
1.0		1.0		1.0		-1		247037		0.00852902421102003
1.0		1.0		1.0		-1		247038		0.0091192805654283
1.0		1.0		1.0		-1		247039		0.008643301647124534
1.0		1.0		1.0		-1		247040		0.008051263471249433
1.0		1.0		1.0		-1		247041		0.009658970190771238
1.0		1.0		1.0		-1		247042		0.008743576696543992
1.0		1.0		1.0		-1		247043		0.009225845324309702
1.0		1.0		1.0		-1		247044		0.007327728239090958
1.0		1.0		1.0		-1		247045		0.008227218909371396
1.0		1.0		1.0		-1		247046		0.007523168634346871
1.0		1.0		1.0		-1		247047		0.007753591172765269
1.0		1.0		1.0		-1		247048		0.009338166530707168
1.0		1.0		1.0		-1		247049		0.007805619696625849
1.0		1.0		1.0		-1		247050		0.009171023596391955
1.0		1.0		1.0		-1		247051		0.00948710342367948
1.0		1.0		1.0		-1		247052		0.007844015243655956
1.0		1.0		1.0		-1		247053		0.010147689183247918
1.0		1.0		1.0		-1		247054		0.00730068394336128
1.0		1.0		1.0		-1		247055		0.006290508900753948
1.0		1.0		1.0		-1		247056		0.01142592396870329
1.0		1.0		1.0		-1		247057		0.010935559137431113
1.0		1.0		1.0		-1		247058		0.00862757217886263
1.0		1.0		1.0		-1		247059		0.009885978858322974
1.0		1.0		1.0		-1		247060		0.009056003866261963
1.0		1.0		1.0		-1		247061		0.008231111980138048
1.0		1.0		1.0		-1		247062		0.008380742309482506
1.0		1.0		1.0		-1		247063		0.007810687764797936
1.0		1.0		1.0		-1		247064		0.008640304379008677
1.0		1.0		1.0		-1		247065		0.00769735596504365
1.0		1.0		1.0		-1		247066		0.00843664262113388
1.0		1.0		1.0		-1		247067		0.008898704529478704
1.0		1.0		1.0		-1		247068		0.009568026486477638
1.0		1.0		1.0		-1		247069		0.008248181231303327
1.0		1.0		1.0		-1		247070		0.007920870279952981
1.0		1.0		1.0		-1		247071		0.010570870170215322
1.0		1.0		1.0		-1		247072		0.008827729192622825
1.0		1.0		1.0		-1		247073		0.009574954804652125
1.0		1.0		1.0		-1		247074		0.009480138073280448
1.0		1.0		1.0		-1		247075		0.008531745546289167
1.0		1.0		1.0		-1		247076		0.0084534136245001
1.0		1.0		1.0		-1		247077		0.008475688480362877
1.0		1.0		1.0		-1		247078		0.008510115786886466
1.0		1.0		1.0		-1		247079		0.010664916516916128
1.0		1.0		1.0		-1		247080		0.012593521999477048
1.0		1.0		1.0		-1		247081		0.008933008480257949
1.0		1.0		1.0		-1		247082		0.008670441406006854
1.0		1.0		1.0		-1		247083		0.00848728131040291
1.0		1.0		1.0		-1		247084		0.009178565912647605
1.0		1.0		1.0		-1		247085		0.008762553967214627
1.0		1.0		1.0		-1		247086		0.008079765796731397
1.0		1.0		1.0		-1		247087		0.0099373524613325
1.0		1.0		1.0		-1		247088		0.01010474000083702
1.0		1.0		1.0		-1		247089		0.009731197781667741
1.0		1.0		1.0		-1		247090		0.008488918436999194
1.0		1.0		1.0		-1		247091		0.011044812198979412
1.0		1.0		1.0		-1		247092		0.009863660804683533
1.0		1.0		1.0		-1		247093		0.009950419896602869
1.0		1.0		1.0		-1		247094		0.00951327120746611
1.0		1.0		1.0		-1		247095		0.008505866700438763
1.0		1.0		1.0		-1		247096		0.010919447474388833
1.0		1.0		1.0		-1		247097		0.0057336459940249395
1.0		1.0		1.0		-1		247098		0.009399994786759649
1.0		1.0		1.0		-1		247099		0.007808762496885531
1.0		1.0		1.0		-1		247100		0.008243073590469616

#***************************************************************************
#
# original cross-section: 0.008952414804918382
#     scale variation: +73% -39.2%
#     central scheme variation: + 0% -65%
# PDF variation: +13.2% -13.2%
#
# dynamical scheme # 1 : 0.00440933 +60.8% -35.6% # \sum ET
# dynamical scheme # 2 : 0.00384191 +58.8% -34.9% # \sum\sqrt{m^2+pt^2}
# dynamical scheme # 3 : 0.00610077 +65% -37% # 0.5 \sum\sqrt{m^2+pt^2}
# dynamical scheme # 4 : 0.00313532 +55.7% -33.8% # \sqrt{\hat s}
#***************************************************************************
